                      FILENAME     TOKENS SENTENCES
                   ta.2012.raw  157127017 15724434
                ta.2013_20.raw   86489030  8732363
                ta.2013_48.raw   28936795  3024644
                ta.2014_15.raw   56133351  5805148
                ta.2014_23.raw   58713263  6035556
                ta.2014_35.raw   53475866  5537165
                ta.2014_41.raw   49179088  5087362
                ta.2014_42.raw   97848137 10140038
                ta.2014_49.raw   41008989  4222221
                ta.2014_52.raw   30466518  3137714
                ta.2015_06.raw   26647570  2734670
                ta.2015_11.raw   30435253  3125436
                ta.2015_14.raw   28401547  2913503
                ta.2015_18.raw   31294572  3198654
                ta.2015_22.raw   31873099  3259903
                ta.2015_27.raw   28566753  2927841
                ta.2015_32.raw   30290585  3089932
                ta.2015_35.raw   17612097  1801727
                ta.2015_40.raw   13858010  1426347
                ta.2015_48.raw   17557692  1798137
                ta.2016_30.raw   54830136  5634936
                ta.2016_50.raw  150588431 16081606
                ta.2017_17.raw  550807180 58850210
                   TOTAL STATS 1672140979 174289547
                  UNIQUE STATS   10971435 28989244

         TOTAL OBTAINED TOKENS  300181742