                      FILENAME      TOKENS SENTENCES
                   hi.2012.raw   376063990  29425613
                hi.2013_20.raw   140651221   9912745
                hi.2013_48.raw    47371769   3503520
                hi.2014_15.raw    79682918   5750979
                hi.2014_23.raw    89741039   6547947
                hi.2014_35.raw    83531213   6129645
                hi.2014_41.raw    77539595   5688494
                hi.2014_42.raw   136529041  10138453
                hi.2014_49.raw    70081768   5152131
                hi.2014_52.raw    56611332   4153096
                hi.2015_06.raw    52365159   3823645
                hi.2015_11.raw    53801666   3946326
                hi.2015_14.raw    51154769   3771099
                hi.2015_18.raw    57516439   4234375
                hi.2015_22.raw    62323600   4587608
                hi.2015_27.raw    54114068   3936583
                hi.2015_32.raw    61183315   4461001
                hi.2015_35.raw    45464346   3333336
                hi.2015_40.raw    27698272   2028649
                hi.2015_48.raw    40097973   2938497
                hi.2016_30.raw    90656093   6774015
                hi.2016_50.raw   511870118  38429714
                hi.2017_17.raw  1186618376  87768108
                   TOTAL STATS  3452668080 256435579
                  UNIQUE STATS     3810945  42920919

         TOTAL OBTAINED TOKENS   683077249
